Drill report for C:\Users\ccade\code\mercury2020\kicad\power_board\power_board.kicad_pcb
Created on 11/5/2020 12:38:59 PM

Copper Layer Stackup:
    =============================================================
    L1 :  F.Cu                      front
    L2 :  B.Cu                      back


Drill file 'power_board-PTH.drl' contains
    plated through holes:
    =============================================================
    T1  0.40mm  0.016"  (19 holes)
    T2  0.70mm  0.028"  (6 holes)
    T3  0.76mm  0.030"  (171 holes)
    T4  0.80mm  0.031"  (4 holes)
    T5  1.00mm  0.039"  (94 holes)
    T6  1.52mm  0.060"  (26 holes)

    Total plated holes count 320


Drill file 'power_board-NPTH.drl' contains
    unplated through holes:
    =============================================================

    Total unplated holes count 0
